This is pdfTeX, Version 3.14159265-2.6-1.40.18 (MiKTeX 2.9.6500 64-bit) (preloaded format=pdflatex 2018.1.21)  20 NOV 2018 07:36
entering extended mode
**c:/Users/arvin/Desktop/ml/hw3/paper/aramaswami32-analysis.tex
(c:/Users/arvin/Desktop/ml/hw3/paper/aramaswami32-analysis.tex
LaTeX2e <2017-04-15>
Babel <3.16> and hyphenation patterns for 75 language(s) loaded.
("C:\Program Files\MiKTeX 2.9\tex\latex\base\article.cls"
Document Class: article 2014/09/29 v1.4h Standard LaTeX document class
("C:\Program Files\MiKTeX 2.9\tex\latex\base\size11.clo"
File: size11.clo 2014/09/29 v1.4h Standard LaTeX file (size option)
)
\c@part=\count79
\c@section=\count80
\c@subsection=\count81
\c@subsubsection=\count82
\c@paragraph=\count83
\c@subparagraph=\count84
\c@figure=\count85
\c@table=\count86
\abovecaptionskip=\skip41
\belowcaptionskip=\skip42
\bibindent=\dimen102
) ("C:\Program Files\MiKTeX 2.9\tex\latex\amsmath\amsmath.sty"
Package: amsmath 2017/09/02 v2.17a AMS math features
\@mathmargin=\skip43

For additional information on amsmath, use the `?' option.
("C:\Program Files\MiKTeX 2.9\tex\latex\amsmath\amstext.sty"
Package: amstext 2000/06/29 v2.01 AMS text
 ("C:\Program Files\MiKTeX 2.9\tex\latex\amsmath\amsgen.sty"
File: amsgen.sty 1999/11/30 v2.0 generic functions
\@emptytoks=\toks14
\ex@=\dimen103
)) ("C:\Program Files\MiKTeX 2.9\tex\latex\amsmath\amsbsy.sty"
Package: amsbsy 1999/11/29 v1.2d Bold Symbols
\pmbraise@=\dimen104
) ("C:\Program Files\MiKTeX 2.9\tex\latex\amsmath\amsopn.sty"
Package: amsopn 2016/03/08 v2.02 operator names
)
\inf@bad=\count87
LaTeX Info: Redefining \frac on input line 213.
\uproot@=\count88
\leftroot@=\count89
LaTeX Info: Redefining \overline on input line 375.
\classnum@=\count90
\DOTSCASE@=\count91
LaTeX Info: Redefining \ldots on input line 472.
LaTeX Info: Redefining \dots on input line 475.
LaTeX Info: Redefining \cdots on input line 596.
\Mathstrutbox@=\box26
\strutbox@=\box27
\big@size=\dimen105
LaTeX Font Info:    Redeclaring font encoding OML on input line 712.
LaTeX Font Info:    Redeclaring font encoding OMS on input line 713.
\macc@depth=\count92
\c@MaxMatrixCols=\count93
\dotsspace@=\muskip10
\c@parentequation=\count94
\dspbrk@lvl=\count95
\tag@help=\toks15
\row@=\count96
\column@=\count97
\maxfields@=\count98
\andhelp@=\toks16
\eqnshift@=\dimen106
\alignsep@=\dimen107
\tagshift@=\dimen108
\tagwidth@=\dimen109
\totwidth@=\dimen110
\lineht@=\dimen111
\@envbody=\toks17
\multlinegap=\skip44
\multlinetaggap=\skip45
\mathdisplay@stack=\toks18
LaTeX Info: Redefining \[ on input line 2817.
LaTeX Info: Redefining \] on input line 2818.
) ("C:\Program Files\MiKTeX 2.9\tex\latex\graphics\graphicx.sty"
Package: graphicx 2017/06/01 v1.1a Enhanced LaTeX Graphics (DPC,SPQR)
 ("C:\Program Files\MiKTeX 2.9\tex\latex\graphics\keyval.sty"
Package: keyval 2014/10/28 v1.15 key=value parser (DPC)
\KV@toks@=\toks19
) ("C:\Program Files\MiKTeX 2.9\tex\latex\graphics\graphics.sty"
Package: graphics 2017/06/25 v1.2c Standard LaTeX Graphics (DPC,SPQR)
 ("C:\Program Files\MiKTeX 2.9\tex\latex\graphics\trig.sty"
Package: trig 2016/01/03 v1.10 sin cos tan (DPC)
) ("C:\Program Files\MiKTeX 2.9\tex\latex\graphics-cfg\graphics.cfg"
File: graphics.cfg 2016/06/04 v1.11 sample graphics configuration
)
Package graphics Info: Driver file: pdftex.def on input line 99.
 ("C:\Program Files\MiKTeX 2.9\tex\latex\graphics-def\pdftex.def"
File: pdftex.def 2018/01/08 v1.0l Graphics/color driver for pdftex
))
\Gin@req@height=\dimen112
\Gin@req@width=\dimen113
) ("C:\Program Files\MiKTeX 2.9\tex\latex\amscls\amsthm.sty"
Package: amsthm 2017/10/31 v2.20.4
\thm@style=\toks20
\thm@bodyfont=\toks21
\thm@headfont=\toks22
\thm@notefont=\toks23
\thm@headpunct=\toks24
\thm@preskip=\skip46
\thm@postskip=\skip47
\thm@headsep=\skip48
\dth@everypar=\toks25
) ("C:\Program Files\MiKTeX 2.9\tex\latex\amsfonts\amssymb.sty"
Package: amssymb 2013/01/14 v3.01 AMS font symbols
 ("C:\Program Files\MiKTeX 2.9\tex\latex\amsfonts\amsfonts.sty"
Package: amsfonts 2013/01/14 v3.01 Basic AMSFonts support
\symAMSa=\mathgroup4
\symAMSb=\mathgroup5
LaTeX Font Info:    Overwriting math alphabet `\mathfrak' in version `bold'
(Font)                  U/euf/m/n --> U/euf/b/n on input line 106.
)) ("C:\Program Files\MiKTeX 2.9\tex\latex\graphics\color.sty"
Package: color 2016/07/10 v1.1e Standard LaTeX Color (DPC)
 ("C:\Program Files\MiKTeX 2.9\tex\latex\graphics-cfg\color.cfg"
File: color.cfg 2016/01/02 v1.6 sample color configuration
)
Package color Info: Driver file: pdftex.def on input line 147.
) ("C:\Program Files\MiKTeX 2.9\tex\latex\wrapfig\wrapfig.sty"
\wrapoverhang=\dimen114
\WF@size=\dimen115
\c@WF@wrappedlines=\count99
\WF@box=\box28
\WF@everypar=\toks26
Package: wrapfig 2003/01/31  v 3.6
) ("C:\Program Files\MiKTeX 2.9\tex\latex\floatflt\floatflt.sty"
Package: floatflt 1997/07/16 v. 1.31
\c@OptionTest=\count100
\figbox=\box29
\tabbox=\box30
\pagebox=\box31
\ffigcount=\count101
\ftabcount=\count102
\fftest=\count103
\hangcount=\count104
\nosuccesstryfig=\count105
\nosuccesstrytab=\count106
\figgutter=\dimen116
\tabgutter=\dimen117
\htdone=\dimen118
\pageht=\dimen119
\startpageht=\dimen120
\tabbredd=\dimen121
\floatfltwidth=\dimen122
\fltitemwidth=\dimen123
\outputpretest=\toks27
) ("C:\Program Files\MiKTeX 2.9\tex\latex\listings\listings.sty"
\lst@mode=\count107
\lst@gtempboxa=\box32
\lst@token=\toks28
\lst@length=\count108
\lst@currlwidth=\dimen124
\lst@column=\count109
\lst@pos=\count110
\lst@lostspace=\dimen125
\lst@width=\dimen126
\lst@newlines=\count111
\lst@lineno=\count112
\lst@maxwidth=\dimen127
 ("C:\Program Files\MiKTeX 2.9\tex\latex\listings\lstmisc.sty"
File: lstmisc.sty 2015/06/04 1.6 (Carsten Heinz)
\c@lstnumber=\count113
\lst@skipnumbers=\count114
\lst@framebox=\box33
) ("C:\Program Files\MiKTeX 2.9\tex\latex\listings\listings.cfg"
File: listings.cfg 2015/06/04 1.6 listings configuration
))
Package: listings 2015/06/04 1.6 (Carsten Heinz)
 ("C:\Program Files\MiKTeX 2.9\tex\latex\fancyhdr\fancyhdr.sty"
Package: fancyhdr 2017/06/30 v3.9a Extensive control of page headers and footers
\f@nch@headwidth=\skip49
\f@nch@O@elh=\skip50
\f@nch@O@erh=\skip51
\f@nch@O@olh=\skip52
\f@nch@O@orh=\skip53
\f@nch@O@elf=\skip54
\f@nch@O@erf=\skip55
\f@nch@O@olf=\skip56
\f@nch@O@orf=\skip57
) ("C:\Program Files\MiKTeX 2.9\tex\latex\ltxmisc\parskip.sty"
Package: parskip 2001/04/09 non-zero parskip adjustments
) ("C:\Program Files\MiKTeX 2.9\tex\latex\algorithm2e\algorithm2e.sty"
Package: algorithm2e 2017/07/18 v5.2 algorithms environments
\c@AlgoLine=\count115
 ("C:\Program Files\MiKTeX 2.9\tex\latex\base\ifthen.sty"
Package: ifthen 2014/09/29 v1.1c Standard LaTeX ifthen package (DPC)
)
\algocf@hangindent=\skip58
 ("C:\Program Files\MiKTeX 2.9\tex\latex\ifoddpage\ifoddpage.sty"
Package: ifoddpage 2016/04/23 v1.1 Conditionals for odd/even page detection
\c@checkoddpage=\count116
) ("C:\Program Files\MiKTeX 2.9\tex\latex\tools\xspace.sty"
Package: xspace 2014/10/28 v1.13 Space after command names (DPC,MH)
) ("C:\Program Files\MiKTeX 2.9\tex\latex\ltxmisc\relsize.sty"
Package: relsize 2003/07/04 ver 3.1
)
\skiptotal=\skip59
\skiplinenumber=\skip60
\skiprule=\skip61
\skiphlne=\skip62
\skiptext=\skip63
\skiplength=\skip64
\algomargin=\skip65
\skipalgocfslide=\skip66
\algowidth=\dimen128
\inoutsize=\dimen129
\inoutindent=\dimen130
\interspacetitleruled=\dimen131
\interspacealgoruled=\dimen132
\interspacetitleboxruled=\dimen133
\algocf@ruledwidth=\skip67
\algocf@inoutbox=\box34
\algocf@inputbox=\box35
\AlCapSkip=\skip68
\AlCapHSkip=\skip69
\algoskipindent=\skip70
\algocf@nlbox=\box36
\algocf@hangingbox=\box37
\algocf@untilbox=\box38
\algocf@skipuntil=\skip71
\algocf@capbox=\box39
\algocf@lcaptionbox=\skip72
\algoheightruledefault=\skip73
\algoheightrule=\skip74
\algotitleheightruledefault=\skip75
\algotitleheightrule=\skip76
\c@algocfline=\count117
\c@algocfproc=\count118
\c@algocf=\count119
\algocf@algoframe=\box40
\algocf@algobox=\box41
) (aramaswami32-analysis.aux)
\openout1 = `aramaswami32-analysis.aux'.

LaTeX Font Info:    Checking defaults for OML/cmm/m/it on input line 35.
LaTeX Font Info:    ... okay on input line 35.
LaTeX Font Info:    Checking defaults for T1/cmr/m/n on input line 35.
LaTeX Font Info:    ... okay on input line 35.
LaTeX Font Info:    Checking defaults for OT1/cmr/m/n on input line 35.
LaTeX Font Info:    ... okay on input line 35.
LaTeX Font Info:    Checking defaults for OMS/cmsy/m/n on input line 35.
LaTeX Font Info:    ... okay on input line 35.
LaTeX Font Info:    Checking defaults for OMX/cmex/m/n on input line 35.
LaTeX Font Info:    ... okay on input line 35.
LaTeX Font Info:    Checking defaults for U/cmr/m/n on input line 35.
LaTeX Font Info:    ... okay on input line 35.
 ("C:\Program Files\MiKTeX 2.9\tex\context\base\supp-pdf.mkii"
[Loading MPS to PDF converter (version 2006.09.02).]
\scratchcounter=\count120
\scratchdimen=\dimen134
\scratchbox=\box42
\nofMPsegments=\count121
\nofMParguments=\count122
\everyMPshowfont=\toks29
\MPscratchCnt=\count123
\MPscratchDim=\dimen135
\MPnumerator=\count124
\makeMPintoPDFobject=\count125
\everyMPtoPDFconversion=\toks30
) ("C:\Program Files\MiKTeX 2.9\tex\latex\oberdiek\epstopdf-base.sty"
Package: epstopdf-base 2016/05/15 v2.6 Base part for package epstopdf
 ("C:\Program Files\MiKTeX 2.9\tex\generic\oberdiek\infwarerr.sty"
Package: infwarerr 2016/05/16 v1.4 Providing info/warning/error messages (HO)
) ("C:\Program Files\MiKTeX 2.9\tex\latex\oberdiek\grfext.sty"
Package: grfext 2016/05/16 v1.2 Manage graphics extensions (HO)
 ("C:\Program Files\MiKTeX 2.9\tex\generic\oberdiek\kvdefinekeys.sty"
Package: kvdefinekeys 2016/05/16 v1.4 Define keys (HO)
 ("C:\Program Files\MiKTeX 2.9\tex\generic\oberdiek\ltxcmds.sty"
Package: ltxcmds 2016/05/16 v1.23 LaTeX kernel commands for general use (HO)
))) ("C:\Program Files\MiKTeX 2.9\tex\latex\oberdiek\kvoptions.sty"
Package: kvoptions 2016/05/16 v3.12 Key value format for package options (HO)
 ("C:\Program Files\MiKTeX 2.9\tex\generic\oberdiek\kvsetkeys.sty"
Package: kvsetkeys 2016/05/16 v1.17 Key value parser (HO)
 ("C:\Program Files\MiKTeX 2.9\tex\generic\oberdiek\etexcmds.sty"
Package: etexcmds 2016/05/16 v1.6 Avoid name clashes with e-TeX commands (HO)
 ("C:\Program Files\MiKTeX 2.9\tex\generic\oberdiek\ifluatex.sty"
Package: ifluatex 2016/05/16 v1.4 Provides the ifluatex switch (HO)
Package ifluatex Info: LuaTeX not detected.
)
Package etexcmds Info: Could not find \expanded.
(etexcmds)             That can mean that you are not using pdfTeX 1.50 or
(etexcmds)             that some package has redefined \expanded.
(etexcmds)             In the latter case, load this package earlier.
))) ("C:\Program Files\MiKTeX 2.9\tex\generic\oberdiek\pdftexcmds.sty"
Package: pdftexcmds 2017/03/19 v0.25 Utility functions of pdfTeX for LuaTeX (HO)
 ("C:\Program Files\MiKTeX 2.9\tex\generic\oberdiek\ifpdf.sty"
Package: ifpdf 2017/03/15 v3.2 Provides the ifpdf switch
)
Package pdftexcmds Info: LuaTeX not detected.
Package pdftexcmds Info: \pdf@primitive is available.
Package pdftexcmds Info: \pdf@ifprimitive is available.
Package pdftexcmds Info: \pdfdraftmode found.
)
Package epstopdf-base Info: Redefining graphics rule for `.eps' on input line 438.
Package grfext Info: Graphics extension search list:
(grfext)             [.pdf,.png,.jpg,.mps,.jpeg,.jbig2,.jb2,.PDF,.PNG,.JPG,.JPEG,.JBIG2,.JB2,.eps]
(grfext)             \AppendGraphicsExtensions on input line 456.
)
\c@lstlisting=\count126
<../pima/clustering1/gmm_init.png, id=1, 462.528pt x 346.896pt>
File: ../pima/clustering1/gmm_init.png Graphic file (type png)
<use ../pima/clustering1/gmm_init.png>
Package pdftex.def Info: ../pima/clustering1/gmm_init.png  used on input line 138.
(pdftex.def)             Requested size: 227.62204pt x 170.71628pt.
<../pima/clustering1/km_init.png, id=3, 462.528pt x 346.896pt>
File: ../pima/clustering1/km_init.png Graphic file (type png)
<use ../pima/clustering1/km_init.png>
Package pdftex.def Info: ../pima/clustering1/km_init.png  used on input line 139.
(pdftex.def)             Requested size: 227.62204pt x 170.71628pt.

Overfull \hbox (17.20012pt too wide) in paragraph at lines 138--140
[] [] 
 []


Package Fancyhdr Warning: \headheight is too small (12.0pt): 
 Make it at least 13.59999pt.
 We now make it that large for the rest of the document.
 This may cause the page layout to be inconsistent, however.

[1{C:/Users/arvin/AppData/Local/MiKTeX/2.9/pdftex/config/pdftex.map}

]
<../mushrooms/clustering1/gmm_init.png, id=11, 462.528pt x 346.896pt>
File: ../mushrooms/clustering1/gmm_init.png Graphic file (type png)
<use ../mushrooms/clustering1/gmm_init.png>
Package pdftex.def Info: ../mushrooms/clustering1/gmm_init.png  used on input line 154.
(pdftex.def)             Requested size: 227.62204pt x 170.71628pt.
<../mushrooms/clustering1/km_init.png, id=12, 462.528pt x 346.896pt>
File: ../mushrooms/clustering1/km_init.png Graphic file (type png)
<use ../mushrooms/clustering1/km_init.png>
Package pdftex.def Info: ../mushrooms/clustering1/km_init.png  used on input line 155.
(pdftex.def)             Requested size: 227.62204pt x 170.71628pt.

Overfull \hbox (17.20012pt too wide) in paragraph at lines 154--156
[] [] 
 []

[2 <../pima/clustering1/gmm_init.png> <../pima/clustering1/km_init.png> <../mushrooms/clustering1/gmm_init.png> <../mushrooms/clustering1/km_init.png>]
<../pima/pca/diabetes_pca.png, id=21, 462.528pt x 346.896pt>
File: ../pima/pca/diabetes_pca.png Graphic file (type png)
<use ../pima/pca/diabetes_pca.png>
Package pdftex.def Info: ../pima/pca/diabetes_pca.png  used on input line 177.
(pdftex.def)             Requested size: 227.62204pt x 170.71628pt.
<../mushrooms/pca/mushrooms_pca.png, id=22, 462.528pt x 346.896pt>
File: ../mushrooms/pca/mushrooms_pca.png Graphic file (type png)
<use ../mushrooms/pca/mushrooms_pca.png>
Package pdftex.def Info: ../mushrooms/pca/mushrooms_pca.png  used on input line 189.
(pdftex.def)             Requested size: 227.62204pt x 170.71628pt.
 [3 <../pima/pca/diabetes_pca.png>]
<../pima/clustering2/gmm_pca.png, id=27, 462.528pt x 346.896pt>
File: ../pima/clustering2/gmm_pca.png Graphic file (type png)
<use ../pima/clustering2/gmm_pca.png>
Package pdftex.def Info: ../pima/clustering2/gmm_pca.png  used on input line 204.
(pdftex.def)             Requested size: 227.62204pt x 170.71628pt.
<../pima/clustering2/km_pca.png, id=28, 462.528pt x 346.896pt>
File: ../pima/clustering2/km_pca.png Graphic file (type png)
<use ../pima/clustering2/km_pca.png>
Package pdftex.def Info: ../pima/clustering2/km_pca.png  used on input line 205.
(pdftex.def)             Requested size: 227.62204pt x 170.71628pt.

Overfull \hbox (17.20012pt too wide) in paragraph at lines 204--206
[] [] 
 []

[4 <../mushrooms/pca/mushrooms_pca.png>]
<../pima/clustering2/cluster_gmm_pca.png, id=33, 462.528pt x 346.896pt>
File: ../pima/clustering2/cluster_gmm_pca.png Graphic file (type png)
<use ../pima/clustering2/cluster_gmm_pca.png>
Package pdftex.def Info: ../pima/clustering2/cluster_gmm_pca.png  used on input line 217.
(pdftex.def)             Requested size: 227.62204pt x 170.71628pt.
<../pima/clustering2/cluster_km_pca.png, id=34, 462.528pt x 346.896pt>
File: ../pima/clustering2/cluster_km_pca.png Graphic file (type png)
<use ../pima/clustering2/cluster_km_pca.png>
Package pdftex.def Info: ../pima/clustering2/cluster_km_pca.png  used on input line 218.
(pdftex.def)             Requested size: 227.62204pt x 170.71628pt.

Overfull \hbox (17.20012pt too wide) in paragraph at lines 217--219
[][] [] 
 []

<../mushrooms/clustering2/gmm_pca.png, id=35, 462.528pt x 346.896pt>
File: ../mushrooms/clustering2/gmm_pca.png Graphic file (type png)
<use ../mushrooms/clustering2/gmm_pca.png>
Package pdftex.def Info: ../mushrooms/clustering2/gmm_pca.png  used on input line 222.
(pdftex.def)             Requested size: 227.62204pt x 170.71628pt.
<../mushrooms/clustering2/km_pca.png, id=36, 462.528pt x 346.896pt>
File: ../mushrooms/clustering2/km_pca.png Graphic file (type png)
<use ../mushrooms/clustering2/km_pca.png>
Package pdftex.def Info: ../mushrooms/clustering2/km_pca.png  used on input line 223.
(pdftex.def)             Requested size: 227.62204pt x 170.71628pt.

Overfull \hbox (17.20012pt too wide) in paragraph at lines 222--224
[] [] 
 []

[5 <../pima/clustering2/gmm_pca.png> <../pima/clustering2/km_pca.png> <../pima/clustering2/cluster_gmm_pca.png> <../pima/clustering2/cluster_km_pca.png>]
<../mushrooms/clustering2/cluster_gmm_pca.png, id=44, 462.528pt x 346.896pt>
File: ../mushrooms/clustering2/cluster_gmm_pca.png Graphic file (type png)
<use ../mushrooms/clustering2/cluster_gmm_pca.png>
Package pdftex.def Info: ../mushrooms/clustering2/cluster_gmm_pca.png  used on input line 231.
(pdftex.def)             Requested size: 227.62204pt x 170.71628pt.
<../mushrooms/clustering2/cluster_km_pca.png, id=45, 462.528pt x 346.896pt>
File: ../mushrooms/clustering2/cluster_km_pca.png Graphic file (type png)
<use ../mushrooms/clustering2/cluster_km_pca.png>
Package pdftex.def Info: ../mushrooms/clustering2/cluster_km_pca.png  used on input line 232.
(pdftex.def)             Requested size: 227.62204pt x 170.71628pt.

Overfull \hbox (17.20012pt too wide) in paragraph at lines 231--233
[][] [] 
 []

[6 <../mushrooms/clustering2/gmm_pca.png> <../mushrooms/clustering2/km_pca.png> <../mushrooms/clustering2/cluster_gmm_pca.png> <../mushrooms/clustering2/cluster_km_pca.png>]
<../pima/nn_pca/nn_pca.png, id=53, 462.528pt x 346.896pt>
File: ../pima/nn_pca/nn_pca.png Graphic file (type png)
<use ../pima/nn_pca/nn_pca.png>
Package pdftex.def Info: ../pima/nn_pca/nn_pca.png  used on input line 250.
(pdftex.def)             Requested size: 227.62204pt x 170.71628pt.
<../pima/clustering3/gmm_acc.png, id=54, 462.528pt x 346.896pt>
File: ../pima/clustering3/gmm_acc.png Graphic file (type png)
<use ../pima/clustering3/gmm_acc.png>
Package pdftex.def Info: ../pima/clustering3/gmm_acc.png  used on input line 263.
(pdftex.def)             Requested size: 227.62204pt x 170.71628pt.
<../pima/clustering3/km_acc.png, id=55, 462.528pt x 346.896pt>
File: ../pima/clustering3/km_acc.png Graphic file (type png)
<use ../pima/clustering3/km_acc.png>
Package pdftex.def Info: ../pima/clustering3/km_acc.png  used on input line 264.
(pdftex.def)             Requested size: 227.62204pt x 170.71628pt.

Overfull \hbox (17.20012pt too wide) in paragraph at lines 263--265
[][] [] 
 []

[7 <../pima/nn_pca/nn_pca.png>]
Overfull \hbox (0.29114pt too wide) in paragraph at lines 274--275
[]\OT1/cmr/m/n/10.95 [3] https://people.eecs.berkeley.edu/ jordan/courses/294-fall09/lectures/clustering/slides.pdf 
 []

[8 <../pima/clustering3/gmm_acc.png> <../pima/clustering3/km_acc.png>] (aramaswami32-analysis.aux) ) 
Here is how much of TeX's memory you used:
 4954 strings out of 493307
 71477 string characters out of 3138822
 142192 words of memory out of 3000000
 8428 multiletter control sequences out of 15000+200000
 5626 words of font info for 21 fonts, out of 3000000 for 9000
 1141 hyphenation exceptions out of 8191
 41i,12n,43p,359b,219s stack positions out of 5000i,500n,10000p,200000b,50000s
<C:/Program Files/MiKTeX 2.9/fonts/type1/public/amsfonts/cm/cmbx10.pfb><C:/Program Files/MiKTeX 2.9/fonts/type1/public/amsfonts/cm/cmbx12.pfb><C:/Program Files/MiKTeX 2.9/fonts/type1/public/amsfonts/cm/cmr10.pfb><C:/Program Files/MiKTeX 2.9/fonts/type1/public/amsfonts/cm/cmtt10.pfb>
Output written on aramaswami32-analysis.pdf (8 pages, 559449 bytes).
PDF statistics:
 80 PDF objects out of 1000 (max. 8388607)
 0 named destinations out of 1000 (max. 500000)
 86 words of extra memory for PDF output out of 10000 (max. 10000000)

